<?xml version="1.0" encoding="UTF-8"?>
<!-- Generated by org.testng.reporters.JUnitXMLReporter -->
<testsuite ignored="0" hostname="MAN0CX12B53041D" failures="0" tests="6" name="Exam" time="47.116" errors="0" timestamp="2022-06-22T13:38:53 SAST">
  <testcase classname="tricentisTests.TricentisTests" name="AddToCpmareListAndValidateAmountsAreCorrect" time="22.193"/>
  <testcase classname="tricentisTests.TricentisTests" name="GIVEN_LeatherHandBagAddedToCart_AND_UserNavigatesToCart_WHEN_SelectsItemTickBox_AND_UpdateShoppingCart_THEN_ItemRemoved" time="3.916"/>
  <testcase classname="tricentisTests.TricentisTests" name="GIVEN_NoteBookAddedToCart_AND_UserNavigatesToCart_WHEN_ClicksOnQuantity_AND_AmendQty_THEN_TotalAmtChanges" time="4.895"/>
  <testcase classname="tricentisTests.TricentisTests" name="GIVEN_UserIsOnTricentisHomePage_AND_SuccessfullyAdds5SimpleComputersToCart_AND_EnterShippingDetails_THEN_EstimatedShippingReturned" time="5.675"/>
  <testcase classname="tricentisTests.TricentisTests" name="GIVEN_UserIsOnTricentisSite_AND_ClicksOnComputersUnderCategories_WHEN_ClicksOnNotebooks_AND_ClicksaddToCartOn14InchLaptop_THEN_ItemDisplayedInCart14InchLaptop" time="3.547"/>
  <testcase classname="tricentisTests.TricentisTests" name="GIVEN_UserIsOnTricentisSite_AND_SuccessfullyFindsCellphoneUnderElectronicsMenuItem_WHEN_UserSelectsCellphones_AND_AddsSmartPhoneToCart_THEN_ItemDisplayedInCartWillBeSmartPhone" time="6.084"/>
</testsuite> <!-- Exam -->
