<?xml version="1.0" encoding="UTF-8"?>
<!-- Generated by org.testng.reporters.JUnitXMLReporter -->
<testsuite ignored="0" hostname="MAN0CX12B53041D" failures="0" tests="6" name="Default test" time="26.701" errors="0" timestamp="2022-06-24T20:44:59 SAST">
  <testcase classname="tricentisTests.TricentisTests" name="AddItemToCartAndAssertTextOfItemAddedInCartIs14InchLaptop" time="3.718"/>
  <testcase classname="tricentisTests.TricentisTests" name="AddItemToCartAndAssertTextOfItemAddedIsSmartPhone" time="1.941"/>
  <testcase classname="tricentisTests.TricentisTests" name="AddToTwoItemsToCompareListAndValidateAmountsAreNotequal" time="8.251"/>
  <testcase classname="tricentisTests.TricentisTests" name="GivenItemAddedToCartEnterShippingDetailsEstimatedShippingTextStringIsReturned" time="6.383"/>
  <testcase classname="tricentisTests.TricentisTests" name="GivenItemAddedToCartRemoveItemAndAssertConfirmationText" time="4.164"/>
  <testcase classname="tricentisTests.TricentisTests" name="GivenNotebookAddedToCartUpdateQuantityUsingExcelSheet" time="1.459"/>
</testsuite> <!-- Default test -->
