<?xml version="1.0" encoding="UTF-8"?>
<!-- Generated by org.testng.reporters.JUnitXMLReporter -->
<testsuite ignored="0" hostname="MAN0CX12B53041D" failures="0" tests="6" name="Default test" time="21.217" errors="0" timestamp="2022-06-24T18:55:15 SAST">
  <testcase classname="tricentisTests.TricentisTests" name="AddItemToCartAndAssertTextOfItemAddedInCartIs14InchLaptop" time="3.167"/>
  <testcase classname="tricentisTests.TricentisTests" name="AddItemToCartAndAssertTextOfItemAddedIsSmartPhone" time="1.383"/>
  <testcase classname="tricentisTests.TricentisTests" name="AddToTwoItemsToCompareListAndValidateAmountsAreNotequal" time="7.645"/>
  <testcase classname="tricentisTests.TricentisTests" name="GivenItemAddedToCartEnterShippingDetailsEstimatedShippingTextStringIsReturned" time="4.101"/>
  <testcase classname="tricentisTests.TricentisTests" name="GivenItemAddedToCartRemoveItemAndAssertConfirmationText" time="1.176"/>
  <testcase classname="tricentisTests.TricentisTests" name="GivenNotebookAddedToCartUpdateQuantityUsingExcelSheet" time="3.276"/>
</testsuite> <!-- Default test -->
