<?xml version="1.0" encoding="UTF-8"?>
<testsuite xmlns:xsi="http://www.w3.org/2001/XMLSchema-instance" xsi:noNamespaceSchemaLocation="https://maven.apache.org/surefire/maven-surefire-plugin/xsd/surefire-test-report-3.0.xsd" version="3.0" name="TestSuite" time="53.087" tests="6" errors="0" skipped="0" failures="0">
  <properties>
[...]
</properties>
  <testcase name="AddToCpmareListAndValidateAmountsAreCorrect" classname="tricentisTests.TricentisTests" time="22.18">
    <system-out><![CDATA[This is the beginning of our tests
This is the beginning of a test
test success
]]></system-out>
    <system-err><![CDATA[SLF4J: Failed to load class "org.slf4j.impl.StaticLoggerBinder".
SLF4J: Defaulting to no-operation (NOP) logger implementation
SLF4J: See http://www.slf4j.org/codes.html#StaticLoggerBinder for further details.
Starting ChromeDriver 102.0.5005.61 (0e59bcc00cc4985ce39ad31c150065f159d95ad3-refs/branch-heads/5005@{#819}) on port 5815
Only local connections are allowed.
Please see https://chromedriver.chromium.org/security-considerations for suggestions on keeping ChromeDriver safe.
ChromeDriver was started successfully.
Jun 22, 2022 1:38:02 PM org.openqa.selenium.remote.ProtocolHandshake createSession
INFO: Detected dialect: W3C
]]></system-err>
  </testcase>
  <testcase name="GIVEN_LeatherHandBagAddedToCart_AND_UserNavigatesToCart_WHEN_SelectsItemTickBox_AND_UpdateShoppingCart_THEN_ItemRemoved" classname="tricentisTests.TricentisTests" time="3.912">
    <system-out><![CDATA[This is the beginning of a test
test success
]]></system-out>
  </testcase>
  <testcase name="GIVEN_NoteBookAddedToCart_AND_UserNavigatesToCart_WHEN_ClicksOnQuantity_AND_AmendQty_THEN_TotalAmtChanges[4](1)" classname="tricentisTests.TricentisTests" time="4.895">
    <system-out><![CDATA[This is the beginning of a test
test success
]]></system-out>
    <system-err><![CDATA[ERROR StatusLogger Log4j2 could not find a logging implementation. Please add log4j-core to the classpath. Using SimpleLogger to log to the console...
]]></system-err>
  </testcase>
  <testcase name="GIVEN_UserIsOnTricentisHomePage_AND_SuccessfullyAdds5SimpleComputersToCart_AND_EnterShippingDetails_THEN_EstimatedShippingReturned" classname="tricentisTests.TricentisTests" time="5.675">
    <system-out><![CDATA[This is the beginning of a test
test success
]]></system-out>
  </testcase>
  <testcase name="GIVEN_UserIsOnTricentisSite_AND_ClicksOnComputersUnderCategories_WHEN_ClicksOnNotebooks_AND_ClicksaddToCartOn14InchLaptop_THEN_ItemDisplayedInCart14InchLaptop" classname="tricentisTests.TricentisTests" time="3.538">
    <system-out><![CDATA[This is the beginning of a test
test success
]]></system-out>
  </testcase>
  <testcase name="GIVEN_UserIsOnTricentisSite_AND_SuccessfullyFindsCellphoneUnderElectronicsMenuItem_WHEN_UserSelectsCellphones_AND_AddsSmartPhoneToCart_THEN_ItemDisplayedInCartWillBeSmartPhone" classname="tricentisTests.TricentisTests" time="6.092">
    <system-out><![CDATA[This is the beginning of a test
test success
]]></system-out>
  </testcase>
</testsuite>