<?xml version="1.0" encoding="UTF-8"?>
<!-- Generated by org.testng.reporters.JUnitXMLReporter -->
<testsuite ignored="0" hostname="MAN0CX12B53041D" failures="0" tests="6" name="Exam" time="21.336" errors="0" timestamp="2022-06-24T19:00:15 SAST">
  <testcase classname="tricentisTests.TricentisTests" name="AddItemToCartAndAssertTextOfItemAddedInCartIs14InchLaptop" time="2.817"/>
  <testcase classname="tricentisTests.TricentisTests" name="AddItemToCartAndAssertTextOfItemAddedIsSmartPhone" time="1.335"/>
  <testcase classname="tricentisTests.TricentisTests" name="AddToTwoItemsToCompareListAndValidateAmountsAreNotequal" time="7.495"/>
  <testcase classname="tricentisTests.TricentisTests" name="GivenItemAddedToCartEnterShippingDetailsEstimatedShippingTextStringIsReturned" time="3.932"/>
  <testcase classname="tricentisTests.TricentisTests" name="GivenItemAddedToCartRemoveItemAndAssertConfirmationText" time="1.177"/>
  <testcase classname="tricentisTests.TricentisTests" name="GivenNotebookAddedToCartUpdateQuantityUsingExcelSheet" time="3.26"/>
</testsuite> <!-- Exam -->
