<?xml version="1.0" encoding="UTF-8"?>
<testng-results ignored="0" total="6" passed="6" failed="0" skipped="0">
  <reporter-output>
    <line>
      <![CDATA[Notebook in the cart is a 14.1-inch Laptop]]>
    </line>
    <line>
      <![CDATA[The price for the Blue and Green Sneakers is : 17.56]]>
    </line>
    <line>
      <![CDATA[The price for the Green and blue Sneakers is : 11.00]]>
    </line>
    <line>
      <![CDATA[The expected text is: Ground (0.00)]]>
    </line>
    <line>
      <![CDATA[The returned text is: Next Day Air (0.00)]]>
    </line>
    <line>
      <![CDATA[Remove Product(s) Price Qty. Total
Genuine Leather Handbag with Cell Phone Holder & Many Pockets 35.00 35.00
Discount Code
Enter your coupon here
Gift Cards
Enter gift card code
Estimate shipping
Enter your destination to get a shipping estimate
Country:
Select country
United States
Canada
Afghanistan
Albania
Algeria
American Samoa
Andorra
Angola
Anguilla
Antarctica
Antigua and Barbuda
Argentina
Armenia
Aruba
Australia
Austria
Azerbaijan
Bahamas
Bahrain
Bangladesh
Barbados
Belarus
Belgium
Belize
Benin
Bermuda
Bhutan
Bolivia
Bosnia and Herzegowina
Botswana
Bouvet Island
Brazil
British Indian Ocean Territory
Brunei Darussalam
Bulgaria
Burkina Faso
Burundi
Cambodia
Cameroon
Cape Verde
Cayman Islands
Central African Republic
Chad
Chile
China
Christmas Island
Cocos (Keeling) Islands
Colombia
Comoros
Congo
Cook Islands
Costa Rica
Cote D'Ivoire
Croatia
Cuba
Cyprus
Czech Republic
Denmark
Djibouti
Dominica
Dominican Republic
Ecuador
Egypt
El Salvador
Equatorial Guinea
Eritrea
Estonia
Ethiopia
Falkland Islands (Malvinas)
Faroe Islands
Fiji
Finland
France
French Guiana
French Polynesia
French Southern Territories
Gabon
Gambia
Georgia
Germany
Ghana
Gibraltar
Greece
Greenland
Grenada
Guadeloupe
Guam
Guatemala
Guinea
Guinea-bissau
Guyana
Haiti
Heard and Mc Donald Islands
Honduras
Hong Kong
Hungary
Iceland
India
Indonesia
Iran (Islamic Republic of)
Iraq
Ireland
Israel
Italy
Jamaica
Japan
Jordan
Kazakhstan
Kenya
Kiribati
Korea
Korea, Democratic People's Republic of
Kuwait
Kyrgyzstan
Lao People's Democratic Republic
Latvia
Lebanon
Lesotho
Liberia
Libyan Arab Jamahiriya
Liechtenstein
Lithuania
Luxembourg
Macau
Macedonia
Madagascar
Malawi
Malaysia
Maldives
Mali
Malta
Marshall Islands
Martinique
Mauritania
Mauritius
Mayotte
Mexico
Micronesia
Moldova
Monaco
Mongolia
Montenegro
Montserrat
Morocco
Mozambique
Myanmar
Namibia
Nauru
Nepal
Netherlands
Netherlands Antilles
New Caledonia
New Zealand
Nicaragua
Niger
Nigeria
Niue
Norfolk Island
Northern Mariana Islands
Norway
Oman
Pakistan
Palau
Panama
Papua New Guinea
Paraguay
Peru
Philippines
Pitcairn
Poland
Portugal
Puerto Rico
Qatar
Reunion
Romania
Russia
Rwanda
Saint Kitts and Nevis
Saint Lucia
Saint Vincent and the Grenadines
Samoa
San Marino
Sao Tome and Principe
Saudi Arabia
Senegal
Serbia
Seychelles
Sierra Leone
Singapore
Slovakia (Slovak Republic)
Slovenia
Solomon Islands
Somalia
South Africa
South Georgia & South Sandwich Islands
Spain
Sri Lanka
St. Helena
St. Pierre and Miquelon
Sudan
Suriname
Svalbard and Jan Mayen Islands
Swaziland
Sweden
Switzerland
Syrian Arab Republic
Taiwan
Tajikistan
Tanzania
Thailand
Togo
Tokelau
Tonga
Trinidad and Tobago
Tunisia
Turkey
Turkmenistan
Turks and Caicos Islands
Tuvalu
Uganda
Ukraine
United Arab Emirates
United Kingdom
United States minor outlying islands
Uruguay
Uzbekistan
Vanuatu
Vatican City State (Holy See)
Venezuela
Viet Nam
Virgin Islands (British)
Virgin Islands (U.S.)
Wallis and Futuna Islands
Western Sahara
Yemen
Zambia
Zimbabwe
*
State / province:
Other (Non US)
Zip / postal code:
Sub-Total: 35.00
Shipping: Calculated during checkout
Tax: 0.00
Total: Calculated during checkout
I agree with the terms of service and I adhere to them unconditionally (read)
Checkout]]>
    </line>
  </reporter-output>
  <suite started-at="2022-06-24T20:44:32 SAST" name="Default suite" finished-at="2022-06-24T20:44:59 SAST" duration-ms="26701">
    <groups>
    </groups>
    <test started-at="2022-06-24T20:44:32 SAST" name="Default test" finished-at="2022-06-24T20:44:59 SAST" duration-ms="26701">
      <class name="tricentisTests.TricentisTests">
        <test-method signature="AddItemToCartAndAssertTextOfItemAddedInCartIs14InchLaptop()[pri:0, instance:tricentisTests.TricentisTests@6b85300e]" started-at="2022-06-24T20:44:32 SAST" name="AddItemToCartAndAssertTextOfItemAddedInCartIs14InchLaptop" finished-at="2022-06-24T20:44:36 SAST" duration-ms="3718" status="PASS">
          <reporter-output>
            <line>
              <![CDATA[Notebook in the cart is a 14.1-inch Laptop]]>
            </line>
          </reporter-output>
        </test-method> <!-- AddItemToCartAndAssertTextOfItemAddedInCartIs14InchLaptop -->
        <test-method signature="AddItemToCartAndAssertTextOfItemAddedIsSmartPhone()[pri:0, instance:tricentisTests.TricentisTests@6b85300e]" started-at="2022-06-24T20:44:36 SAST" name="AddItemToCartAndAssertTextOfItemAddedIsSmartPhone" finished-at="2022-06-24T20:44:38 SAST" duration-ms="1941" status="PASS">
          <reporter-output>
          </reporter-output>
        </test-method> <!-- AddItemToCartAndAssertTextOfItemAddedIsSmartPhone -->
        <test-method signature="AddToTwoItemsToCompareListAndValidateAmountsAreNotequal()[pri:0, instance:tricentisTests.TricentisTests@6b85300e]" started-at="2022-06-24T20:44:38 SAST" name="AddToTwoItemsToCompareListAndValidateAmountsAreNotequal" finished-at="2022-06-24T20:44:46 SAST" duration-ms="8251" status="PASS">
          <reporter-output>
            <line>
              <![CDATA[The price for the Blue and Green Sneakers is : 17.56]]>
            </line>
            <line>
              <![CDATA[The price for the Green and blue Sneakers is : 11.00]]>
            </line>
          </reporter-output>
        </test-method> <!-- AddToTwoItemsToCompareListAndValidateAmountsAreNotequal -->
        <test-method signature="GivenItemAddedToCartEnterShippingDetailsEstimatedShippingTextStringIsReturned()[pri:0, instance:tricentisTests.TricentisTests@6b85300e]" started-at="2022-06-24T20:44:46 SAST" name="GivenItemAddedToCartEnterShippingDetailsEstimatedShippingTextStringIsReturned" finished-at="2022-06-24T20:44:53 SAST" duration-ms="6383" status="PASS">
          <reporter-output>
            <line>
              <![CDATA[The expected text is: Ground (0.00)]]>
            </line>
            <line>
              <![CDATA[The returned text is: Next Day Air (0.00)]]>
            </line>
          </reporter-output>
        </test-method> <!-- GivenItemAddedToCartEnterShippingDetailsEstimatedShippingTextStringIsReturned -->
        <test-method signature="GivenItemAddedToCartRemoveItemAndAssertConfirmationText()[pri:0, instance:tricentisTests.TricentisTests@6b85300e]" started-at="2022-06-24T20:44:53 SAST" name="GivenItemAddedToCartRemoveItemAndAssertConfirmationText" finished-at="2022-06-24T20:44:57 SAST" duration-ms="4164" status="PASS">
          <reporter-output>
            <line>
              <![CDATA[Remove Product(s) Price Qty. Total
Genuine Leather Handbag with Cell Phone Holder & Many Pockets 35.00 35.00
Discount Code
Enter your coupon here
Gift Cards
Enter gift card code
Estimate shipping
Enter your destination to get a shipping estimate
Country:
Select country
United States
Canada
Afghanistan
Albania
Algeria
American Samoa
Andorra
Angola
Anguilla
Antarctica
Antigua and Barbuda
Argentina
Armenia
Aruba
Australia
Austria
Azerbaijan
Bahamas
Bahrain
Bangladesh
Barbados
Belarus
Belgium
Belize
Benin
Bermuda
Bhutan
Bolivia
Bosnia and Herzegowina
Botswana
Bouvet Island
Brazil
British Indian Ocean Territory
Brunei Darussalam
Bulgaria
Burkina Faso
Burundi
Cambodia
Cameroon
Cape Verde
Cayman Islands
Central African Republic
Chad
Chile
China
Christmas Island
Cocos (Keeling) Islands
Colombia
Comoros
Congo
Cook Islands
Costa Rica
Cote D'Ivoire
Croatia
Cuba
Cyprus
Czech Republic
Denmark
Djibouti
Dominica
Dominican Republic
Ecuador
Egypt
El Salvador
Equatorial Guinea
Eritrea
Estonia
Ethiopia
Falkland Islands (Malvinas)
Faroe Islands
Fiji
Finland
France
French Guiana
French Polynesia
French Southern Territories
Gabon
Gambia
Georgia
Germany
Ghana
Gibraltar
Greece
Greenland
Grenada
Guadeloupe
Guam
Guatemala
Guinea
Guinea-bissau
Guyana
Haiti
Heard and Mc Donald Islands
Honduras
Hong Kong
Hungary
Iceland
India
Indonesia
Iran (Islamic Republic of)
Iraq
Ireland
Israel
Italy
Jamaica
Japan
Jordan
Kazakhstan
Kenya
Kiribati
Korea
Korea, Democratic People's Republic of
Kuwait
Kyrgyzstan
Lao People's Democratic Republic
Latvia
Lebanon
Lesotho
Liberia
Libyan Arab Jamahiriya
Liechtenstein
Lithuania
Luxembourg
Macau
Macedonia
Madagascar
Malawi
Malaysia
Maldives
Mali
Malta
Marshall Islands
Martinique
Mauritania
Mauritius
Mayotte
Mexico
Micronesia
Moldova
Monaco
Mongolia
Montenegro
Montserrat
Morocco
Mozambique
Myanmar
Namibia
Nauru
Nepal
Netherlands
Netherlands Antilles
New Caledonia
New Zealand
Nicaragua
Niger
Nigeria
Niue
Norfolk Island
Northern Mariana Islands
Norway
Oman
Pakistan
Palau
Panama
Papua New Guinea
Paraguay
Peru
Philippines
Pitcairn
Poland
Portugal
Puerto Rico
Qatar
Reunion
Romania
Russia
Rwanda
Saint Kitts and Nevis
Saint Lucia
Saint Vincent and the Grenadines
Samoa
San Marino
Sao Tome and Principe
Saudi Arabia
Senegal
Serbia
Seychelles
Sierra Leone
Singapore
Slovakia (Slovak Republic)
Slovenia
Solomon Islands
Somalia
South Africa
South Georgia & South Sandwich Islands
Spain
Sri Lanka
St. Helena
St. Pierre and Miquelon
Sudan
Suriname
Svalbard and Jan Mayen Islands
Swaziland
Sweden
Switzerland
Syrian Arab Republic
Taiwan
Tajikistan
Tanzania
Thailand
Togo
Tokelau
Tonga
Trinidad and Tobago
Tunisia
Turkey
Turkmenistan
Turks and Caicos Islands
Tuvalu
Uganda
Ukraine
United Arab Emirates
United Kingdom
United States minor outlying islands
Uruguay
Uzbekistan
Vanuatu
Vatican City State (Holy See)
Venezuela
Viet Nam
Virgin Islands (British)
Virgin Islands (U.S.)
Wallis and Futuna Islands
Western Sahara
Yemen
Zambia
Zimbabwe
*
State / province:
Other (Non US)
Zip / postal code:
Sub-Total: 35.00
Shipping: Calculated during checkout
Tax: 0.00
Total: Calculated during checkout
I agree with the terms of service and I adhere to them unconditionally (read)
Checkout]]>
            </line>
          </reporter-output>
        </test-method> <!-- GivenItemAddedToCartRemoveItemAndAssertConfirmationText -->
        <test-method signature="GivenNotebookAddedToCartUpdateQuantityUsingExcelSheet(java.lang.String)[pri:0, instance:tricentisTests.TricentisTests@6b85300e]" started-at="2022-06-24T20:44:57 SAST" name="GivenNotebookAddedToCartUpdateQuantityUsingExcelSheet" data-provider="UpdateNotebooksQuantityInCart" finished-at="2022-06-24T20:44:59 SAST" duration-ms="1459" status="PASS">
          <params>
            <param index="0">
              <value>
                <![CDATA[4]]>
              </value>
            </param>
          </params>
          <reporter-output>
          </reporter-output>
        </test-method> <!-- GivenNotebookAddedToCartUpdateQuantityUsingExcelSheet -->
        <test-method is-config="true" signature="CleanUp()[pri:0, instance:tricentisTests.TricentisTests@6b85300e]" started-at="2022-06-24T20:44:59 SAST" name="CleanUp" finished-at="2022-06-24T20:44:59 SAST" duration-ms="144" status="PASS">
          <reporter-output>
          </reporter-output>
        </test-method> <!-- CleanUp -->
      </class> <!-- tricentisTests.TricentisTests -->
    </test> <!-- Default test -->
  </suite> <!-- Default suite -->
</testng-results>
